[22:07:47] [Server thread/INFO]: Starting minecraft server version 1.8.8
[22:07:47] [Server thread/INFO]: Loading properties
[22:07:48] [Server thread/INFO]: Default game type: SURVIVAL
[22:07:48] [Server thread/INFO]: This server is running CraftBukkit version git-PaperSpigot-445 (MC: 1.8.8) (Implementing API version 1.8.8-R0.1-SNAPSHOT)
[22:07:48] [Server thread/INFO]: Debug logging is disabled
[22:07:48] [Server thread/INFO]: Spigot Timings: true - Verbose: true - Interval: 5m - Length: 60m
[22:07:48] [Server thread/INFO]: Server Ping Player Sample Count: 12

[22:07:48] [Server thread/INFO]: Using 4 threads for Netty based IO
[22:07:48] [Server thread/INFO]: Data value allowed items: 
[22:07:48] [Server thread/WARN]: java.lang.NoSuchFieldException: modifiers

[22:07:48] [Server thread/WARN]: 	at java.base/java.lang.Class.getDeclaredField(Class.java:2782)

[22:07:48] [Server thread/WARN]: 	at org.github.paperspigot.PaperSpigotConfig.stackableBuckets(PaperSpigotConfig.java:192)

[22:07:48] [Server thread/WARN]: 	at java.base/jdk.internal.reflect.DirectMethodHandleAccessor.invoke(DirectMethodHandleAccessor.java:103)

[22:07:48] [Server thread/WARN]: 	at java.base/java.lang.reflect.Method.invoke(Method.java:580)

[22:07:48] [Server thread/WARN]: 	at org.github.paperspigot.PaperSpigotConfig.readConfig(PaperSpigotConfig.java:84)

[22:07:48] [Server thread/WARN]: 	at org.github.paperspigot.PaperSpigotConfig.init(PaperSpigotConfig.java:62)

[22:07:48] [Server thread/WARN]: 	at net.minecraft.server.v1_8_R3.DedicatedServer.init(DedicatedServer.java:181)

[22:07:48] [Server thread/WARN]: 	at net.minecraft.server.v1_8_R3.MinecraftServer.run(MinecraftServer.java:563)

[22:07:48] [Server thread/WARN]: 	at java.base/java.lang.Thread.run(Thread.java:1583)

[22:07:48] [Server thread/INFO]: Generating keypair
[22:07:48] [Server thread/INFO]: Starting Minecraft server on localhost:25565
[22:07:48] [Server thread/INFO]: Your platform does not provide complete low-level API for accessing direct buffers reliably. Unless explicitly requested, heap buffer will always be preferred to avoid potential system unstability.
[22:07:48] [Server thread/INFO]: Using default channel type
[22:07:48] [Server thread/INFO]: Set PluginClassLoader as parallel capable
[22:07:48] [Server thread/INFO]: [SimpleTpa] Loading SimpleTpa v6.4
[22:07:48] [Server thread/INFO]: [SimpleHomes] Loading SimpleHomes v2.2
[22:07:48] [Server thread/INFO]: [WorldEdit] Loading WorldEdit v6.1;no_git_id
[22:07:48] [Server thread/INFO]: [TradeSystem] Loading TradeSystem v2.6.3
[22:07:48] [Server thread/INFO]: [GriefPrevention] Loading GriefPrevention v16.18.4
[22:07:48] [Server thread/INFO]: [LoginSecurity] Loading LoginSecurity v3.2.0
[22:07:48] [Server thread/WARN]: **** SERVER IS RUNNING IN OFFLINE/INSECURE MODE!
[22:07:48] [Server thread/WARN]: The server will make no attempt to authenticate usernames. Beware.
[22:07:48] [Server thread/WARN]: Whilst this makes it possible to use BungeeCord, unless access to your server is properly restricted, it also opens up the ability for hackers to connect with any username they choose.
[22:07:48] [Server thread/WARN]: Please see http://www.spigotmc.org/wiki/firewall-guide/ for further information.
[22:07:48] [Server thread/WARN]: To change this, set "online-mode" to "true" in the server.properties file.
[22:07:48] [Server thread/INFO]: **** Beginning UUID conversion, this may take A LONG time ****
[22:07:49] [Server thread/INFO]: Preparing level "world"
[22:07:49] [Server thread/INFO]: -------- World Settings For [world] --------
[22:07:49] [Server thread/INFO]: Mob Spawn Range: 4
[22:07:49] [Server thread/INFO]: Anti X-Ray: true
[22:07:49] [Server thread/INFO]: 	Engine Mode: 1
[22:07:49] [Server thread/INFO]: 	Hidden Blocks: [14, 15, 16, 21, 48, 49, 54, 56, 73, 74, 82, 129, 130]
[22:07:49] [Server thread/INFO]: 	Replace Blocks: [1, 5]
[22:07:49] [Server thread/INFO]: Nerfing mobs spawned from spawners: false
[22:07:49] [Server thread/INFO]: Cactus Growth Modifier: 100%
[22:07:49] [Server thread/INFO]: Cane Growth Modifier: 100%
[22:07:49] [Server thread/INFO]: Melon Growth Modifier: 100%
[22:07:49] [Server thread/INFO]: Mushroom Growth Modifier: 100%
[22:07:49] [Server thread/INFO]: Pumpkin Growth Modifier: 100%
[22:07:49] [Server thread/INFO]: Sapling Growth Modifier: 100%
[22:07:49] [Server thread/INFO]: Wheat Growth Modifier: 100%
[22:07:49] [Server thread/INFO]: NetherWart Growth Modifier: 100%
[22:07:49] [Server thread/INFO]: Entity Activation Range: An 32 / Mo 32 / Mi 16
[22:07:49] [Server thread/INFO]: Entity Tracking Range: Pl 48 / An 48 / Mo 48 / Mi 32 / Other 64
[22:07:49] [Server thread/INFO]: Hopper Transfer: 8 Hopper Check: 8 Hopper Amount: 1
[22:07:49] [Server thread/INFO]: Random Lighting Updates: false
[22:07:49] [Server thread/INFO]: Structure Info Saving: true
[22:07:49] [Server thread/INFO]: Sending up to 10 chunks per packet
[22:07:49] [Server thread/INFO]: Max Entity Collisions: 8
[22:07:49] [Server thread/INFO]: Custom Map Seeds:  Village: 10387312 Feature: 14357617
[22:07:49] [Server thread/INFO]: Max TNT Explosions: 100
[22:07:49] [Server thread/INFO]: Tile Max Tick Time: 50ms Entity max Tick Time: 50ms
[22:07:49] [Server thread/INFO]: Item Despawn Rate: 6000
[22:07:49] [Server thread/INFO]: Item Merge Radius: 2.5
[22:07:49] [Server thread/INFO]: Allow Zombie Pigmen to spawn from portal blocks: true
[22:07:49] [Server thread/INFO]: Arrow Despawn Rate: 1200
[22:07:49] [Server thread/INFO]: View Distance: 4
[22:07:49] [Server thread/INFO]: Zombie Aggressive Towards Villager: true
[22:07:49] [Server thread/INFO]: Chunks to Grow per Tick: 650
[22:07:49] [Server thread/INFO]: Clear tick list: false
[22:07:49] [Server thread/INFO]: Experience Merge Radius: 3.0
[22:07:49] [Server thread/INFO]: -------- World Settings For [world] --------
[22:07:49] [Server thread/INFO]: Squids will spawn between Y: 45.0 and Y: 63.0
[22:07:49] [Server thread/INFO]: Max height for cactus growth 3. Max height for reed growth 3
[22:07:49] [Server thread/INFO]: Living Entity Despawn Ranges:  Soft: 32 Hard: 128
[22:07:49] [Server thread/INFO]: Remove invalid mob spawner tile entities: true
[22:07:49] [Server thread/INFO]: Player blocking damage multiplier set to 0.5
[22:07:49] [Server thread/INFO]: Water over lava flow speed: 5
[22:07:49] [Server thread/INFO]: Fix TNT cannons: false
[22:07:49] [Server thread/INFO]: Allow undead horse types to be leashed: false
[22:07:49] [Server thread/INFO]: Keep spawn chunk loaded: true
[22:07:49] [Server thread/INFO]: World async lighting: false
[22:07:49] [Server thread/INFO]: WorldServer TickNextTick cap set at 10000
[22:07:49] [Server thread/INFO]: WorldServer TickNextTickList cap always processes redstone: false
[22:07:49] [Server thread/INFO]: -------- World Settings For [world_nether] --------
[22:07:49] [Server thread/INFO]: Mob Spawn Range: 4
[22:07:49] [Server thread/INFO]: Anti X-Ray: true
[22:07:49] [Server thread/INFO]: 	Engine Mode: 1
[22:07:49] [Server thread/INFO]: 	Hidden Blocks: [14, 15, 16, 21, 48, 49, 54, 56, 73, 74, 82, 129, 130]
[22:07:49] [Server thread/INFO]: 	Replace Blocks: [1, 5]
[22:07:49] [Server thread/INFO]: Nerfing mobs spawned from spawners: false
[22:07:49] [Server thread/INFO]: Cactus Growth Modifier: 100%
[22:07:49] [Server thread/INFO]: Cane Growth Modifier: 100%
[22:07:49] [Server thread/INFO]: Melon Growth Modifier: 100%
[22:07:49] [Server thread/INFO]: Mushroom Growth Modifier: 100%
[22:07:49] [Server thread/INFO]: Pumpkin Growth Modifier: 100%
[22:07:49] [Server thread/INFO]: Sapling Growth Modifier: 100%
[22:07:49] [Server thread/INFO]: Wheat Growth Modifier: 100%
[22:07:49] [Server thread/INFO]: NetherWart Growth Modifier: 100%
[22:07:49] [Server thread/INFO]: Entity Activation Range: An 32 / Mo 32 / Mi 16
[22:07:49] [Server thread/INFO]: Entity Tracking Range: Pl 48 / An 48 / Mo 48 / Mi 32 / Other 64
[22:07:49] [Server thread/INFO]: Hopper Transfer: 8 Hopper Check: 8 Hopper Amount: 1
[22:07:49] [Server thread/INFO]: Random Lighting Updates: false
[22:07:49] [Server thread/INFO]: Structure Info Saving: true
[22:07:49] [Server thread/INFO]: Sending up to 10 chunks per packet
[22:07:49] [Server thread/INFO]: Max Entity Collisions: 8
[22:07:49] [Server thread/INFO]: Custom Map Seeds:  Village: 10387312 Feature: 14357617
[22:07:49] [Server thread/INFO]: Max TNT Explosions: 100
[22:07:49] [Server thread/INFO]: Tile Max Tick Time: 50ms Entity max Tick Time: 50ms
[22:07:49] [Server thread/INFO]: Item Despawn Rate: 6000
[22:07:49] [Server thread/INFO]: Item Merge Radius: 2.5
[22:07:49] [Server thread/INFO]: Allow Zombie Pigmen to spawn from portal blocks: true
[22:07:49] [Server thread/INFO]: Arrow Despawn Rate: 1200
[22:07:49] [Server thread/INFO]: View Distance: 4
[22:07:49] [Server thread/INFO]: Zombie Aggressive Towards Villager: true
[22:07:49] [Server thread/INFO]: Chunks to Grow per Tick: 650
[22:07:49] [Server thread/INFO]: Clear tick list: false
[22:07:49] [Server thread/INFO]: Experience Merge Radius: 3.0
[22:07:49] [Server thread/INFO]: -------- World Settings For [world_nether] --------
[22:07:49] [Server thread/INFO]: Squids will spawn between Y: 45.0 and Y: 63.0
[22:07:49] [Server thread/INFO]: Max height for cactus growth 3. Max height for reed growth 3
[22:07:49] [Server thread/INFO]: Living Entity Despawn Ranges:  Soft: 32 Hard: 128
[22:07:49] [Server thread/INFO]: Remove invalid mob spawner tile entities: true
[22:07:49] [Server thread/INFO]: Player blocking damage multiplier set to 0.5
[22:07:49] [Server thread/INFO]: Water over lava flow speed: 5
[22:07:49] [Server thread/INFO]: Fix TNT cannons: false
[22:07:49] [Server thread/INFO]: Allow undead horse types to be leashed: false
[22:07:49] [Server thread/INFO]: Keep spawn chunk loaded: true
[22:07:49] [Server thread/INFO]: World async lighting: false
[22:07:49] [Server thread/INFO]: WorldServer TickNextTick cap set at 10000
[22:07:49] [Server thread/INFO]: WorldServer TickNextTickList cap always processes redstone: false
[22:07:49] [Server thread/INFO]: -------- World Settings For [world_the_end] --------
[22:07:49] [Server thread/INFO]: Mob Spawn Range: 4
[22:07:49] [Server thread/INFO]: Anti X-Ray: true
[22:07:49] [Server thread/INFO]: 	Engine Mode: 1
[22:07:49] [Server thread/INFO]: 	Hidden Blocks: [14, 15, 16, 21, 48, 49, 54, 56, 73, 74, 82, 129, 130]
[22:07:49] [Server thread/INFO]: 	Replace Blocks: [1, 5]
[22:07:49] [Server thread/INFO]: Nerfing mobs spawned from spawners: false
[22:07:49] [Server thread/INFO]: Cactus Growth Modifier: 100%
[22:07:49] [Server thread/INFO]: Cane Growth Modifier: 100%
[22:07:49] [Server thread/INFO]: Melon Growth Modifier: 100%
[22:07:49] [Server thread/INFO]: Mushroom Growth Modifier: 100%
[22:07:49] [Server thread/INFO]: Pumpkin Growth Modifier: 100%
[22:07:49] [Server thread/INFO]: Sapling Growth Modifier: 100%
[22:07:49] [Server thread/INFO]: Wheat Growth Modifier: 100%
[22:07:49] [Server thread/INFO]: NetherWart Growth Modifier: 100%
[22:07:49] [Server thread/INFO]: Entity Activation Range: An 32 / Mo 32 / Mi 16
[22:07:49] [Server thread/INFO]: Entity Tracking Range: Pl 48 / An 48 / Mo 48 / Mi 32 / Other 64
[22:07:49] [Server thread/INFO]: Hopper Transfer: 8 Hopper Check: 8 Hopper Amount: 1
[22:07:49] [Server thread/INFO]: Random Lighting Updates: false
[22:07:49] [Server thread/INFO]: Structure Info Saving: true
[22:07:49] [Server thread/INFO]: Sending up to 10 chunks per packet
[22:07:49] [Server thread/INFO]: Max Entity Collisions: 8
[22:07:49] [Server thread/INFO]: Custom Map Seeds:  Village: 10387312 Feature: 14357617
[22:07:49] [Server thread/INFO]: Max TNT Explosions: 100
[22:07:49] [Server thread/INFO]: Tile Max Tick Time: 50ms Entity max Tick Time: 50ms
[22:07:49] [Server thread/INFO]: Item Despawn Rate: 6000
[22:07:49] [Server thread/INFO]: Item Merge Radius: 2.5
[22:07:49] [Server thread/INFO]: Allow Zombie Pigmen to spawn from portal blocks: true
[22:07:49] [Server thread/INFO]: Arrow Despawn Rate: 1200
[22:07:49] [Server thread/INFO]: View Distance: 4
[22:07:49] [Server thread/INFO]: Zombie Aggressive Towards Villager: true
[22:07:49] [Server thread/INFO]: Chunks to Grow per Tick: 650
[22:07:49] [Server thread/INFO]: Clear tick list: false
[22:07:49] [Server thread/INFO]: Experience Merge Radius: 3.0
[22:07:49] [Server thread/INFO]: -------- World Settings For [world_the_end] --------
[22:07:49] [Server thread/INFO]: Squids will spawn between Y: 45.0 and Y: 63.0
[22:07:49] [Server thread/INFO]: Max height for cactus growth 3. Max height for reed growth 3
[22:07:49] [Server thread/INFO]: Living Entity Despawn Ranges:  Soft: 32 Hard: 128
[22:07:49] [Server thread/INFO]: Remove invalid mob spawner tile entities: true
[22:07:49] [Server thread/INFO]: Player blocking damage multiplier set to 0.5
[22:07:49] [Server thread/INFO]: Water over lava flow speed: 5
[22:07:49] [Server thread/INFO]: Fix TNT cannons: false
[22:07:49] [Server thread/INFO]: Allow undead horse types to be leashed: false
[22:07:49] [Server thread/INFO]: Keep spawn chunk loaded: true
[22:07:49] [Server thread/INFO]: World async lighting: false
[22:07:49] [Server thread/INFO]: WorldServer TickNextTick cap set at 10000
[22:07:49] [Server thread/INFO]: WorldServer TickNextTickList cap always processes redstone: false
[22:07:49] [Server thread/INFO]: Preparing start region for level 0 (Seed: 2834214119755272860)
[22:07:50] [Server thread/INFO]: Preparing spawn area: 22%
[22:07:51] [Server thread/INFO]: Preparing start region for level 1 (Seed: 2834214119755272860)
[22:07:52] [Server thread/INFO]: Preparing spawn area: 66%
[22:07:52] [Server thread/INFO]: Preparing start region for level 2 (Seed: 2834214119755272860)
[22:07:52] [Server thread/INFO]: [SimpleTpa] Enabling SimpleTpa v6.4
[22:07:52] [Server thread/INFO]: [0;33;1m[21m[SimpleTpa] If you need support contact me at https://discord.gg/SZUkza9[m

[22:07:52] [Server thread/INFO]: [0;33;1m[21m[SimpleTpa] Simple Tpa has been enabled on version 6.4[m

[22:07:53] [Server thread/INFO]: Enabled metrics. You may opt-out by changing plugins/bStats/config.yml
[22:07:53] [Server thread/INFO]: [SimpleHomes] Enabling SimpleHomes v2.2
[22:07:53] [Server thread/INFO]: [WorldEdit] Enabling WorldEdit v6.1;no_git_id
[22:07:53] [Server thread/INFO]: WEPIF: Using the Bukkit Permissions API.
[22:07:53] [Server thread/INFO]: [WorldEdit] Using com.sk89q.worldedit.bukkit.adapter.impl.Spigot_v1_8_R3 as the Bukkit adapter
[22:07:53] [Server thread/INFO]: [TradeSystem] Enabling TradeSystem v2.6.3
[22:07:53] [Server thread/INFO]:  
[22:07:53] [Server thread/INFO]: __________________________________________________________
[22:07:53] [Server thread/INFO]:  
[22:07:53] [Server thread/INFO]:                        TradeSystem [2.6.3]
[22:07:53] [Server thread/INFO]:  
[22:07:53] [Server thread/INFO]: Status:
[22:07:53] [Server thread/INFO]:  
[22:07:53] [Server thread/INFO]: MC-Version: PaperSpigot (git-PaperSpigot-445 (MC: 1.8.8))
[22:07:53] [Server thread/INFO]:  
[22:07:54] [Server thread/INFO]:   > Loading sounds
[22:07:54] [Server thread/INFO]:   > Loading blacklist
[22:07:54] [Server thread/INFO]:     ...got 3 blocked item(s)
[22:07:54] [Server thread/INFO]:   > Loading layouts
[22:07:54] [Server thread/INFO]:     ...got 2 layout(s)
[22:07:54] [Server thread/INFO]:   > Queuing database initializing task
[22:07:54] [Server thread/INFO]:  
[22:07:54] [Server thread/INFO]: Finished (1287ms)
[22:07:54] [Server thread/INFO]:  
[22:07:54] [Server thread/INFO]: __________________________________________________________
[22:07:54] [Server thread/INFO]:  
[22:07:54] [Server thread/INFO]: [GriefPrevention] Enabling GriefPrevention v16.18.4
[22:07:54] [Server thread/ERROR]: Error occurred while enabling GriefPrevention v16.18.4 (Is it up to date?)
java.lang.NoSuchFieldError: Class org.bukkit.Material does not have member field 'org.bukkit.Material GOLDEN_SHOVEL'
	at me.ryanhamshire.GriefPrevention.GriefPrevention.loadConfig(GriefPrevention.java:686) ~[?:?]
	at me.ryanhamshire.GriefPrevention.GriefPrevention.onEnable(GriefPrevention.java:285) ~[?:?]
	at org.bukkit.plugin.java.JavaPlugin.setEnabled(JavaPlugin.java:321) ~[patched_1.8.8.jar:git-PaperSpigot-445]
	at org.bukkit.plugin.java.JavaPluginLoader.enablePlugin(JavaPluginLoader.java:332) ~[patched_1.8.8.jar:git-PaperSpigot-445]
	at org.bukkit.plugin.SimplePluginManager.enablePlugin(SimplePluginManager.java:407) ~[patched_1.8.8.jar:git-PaperSpigot-445]
	at org.bukkit.craftbukkit.v1_8_R3.CraftServer.loadPlugin(CraftServer.java:359) ~[patched_1.8.8.jar:git-PaperSpigot-445]
	at org.bukkit.craftbukkit.v1_8_R3.CraftServer.enablePlugins(CraftServer.java:318) ~[patched_1.8.8.jar:git-PaperSpigot-445]
	at net.minecraft.server.v1_8_R3.MinecraftServer.s(MinecraftServer.java:408) ~[patched_1.8.8.jar:git-PaperSpigot-445]
	at net.minecraft.server.v1_8_R3.MinecraftServer.k(MinecraftServer.java:372) ~[patched_1.8.8.jar:git-PaperSpigot-445]
	at net.minecraft.server.v1_8_R3.MinecraftServer.a(MinecraftServer.java:327) ~[patched_1.8.8.jar:git-PaperSpigot-445]
	at net.minecraft.server.v1_8_R3.DedicatedServer.init(DedicatedServer.java:267) ~[patched_1.8.8.jar:git-PaperSpigot-445]
	at net.minecraft.server.v1_8_R3.MinecraftServer.run(MinecraftServer.java:563) ~[patched_1.8.8.jar:git-PaperSpigot-445]
	at java.lang.Thread.run(Thread.java:1583) [?:?]
[22:07:55] [Server thread/INFO]: [GriefPrevention] Disabling GriefPrevention v16.18.4
[22:07:55] [Server thread/ERROR]: Error occurred while disabling GriefPrevention v16.18.4 (Is it up to date?)
java.lang.NullPointerException: Cannot invoke "me.ryanhamshire.GriefPrevention.DataStore.close()" because "this.dataStore" is null
	at me.ryanhamshire.GriefPrevention.GriefPrevention.onDisable(GriefPrevention.java:3286) ~[?:?]
	at org.bukkit.plugin.java.JavaPlugin.setEnabled(JavaPlugin.java:323) ~[patched_1.8.8.jar:git-PaperSpigot-445]
	at org.bukkit.plugin.java.JavaPluginLoader.disablePlugin(JavaPluginLoader.java:360) ~[patched_1.8.8.jar:git-PaperSpigot-445]
	at org.bukkit.plugin.java.JavaPluginLoader.enablePlugin(JavaPluginLoader.java:336) ~[patched_1.8.8.jar:git-PaperSpigot-445]
	at org.bukkit.plugin.SimplePluginManager.enablePlugin(SimplePluginManager.java:407) ~[patched_1.8.8.jar:git-PaperSpigot-445]
	at org.bukkit.craftbukkit.v1_8_R3.CraftServer.loadPlugin(CraftServer.java:359) ~[patched_1.8.8.jar:git-PaperSpigot-445]
	at org.bukkit.craftbukkit.v1_8_R3.CraftServer.enablePlugins(CraftServer.java:318) ~[patched_1.8.8.jar:git-PaperSpigot-445]
	at net.minecraft.server.v1_8_R3.MinecraftServer.s(MinecraftServer.java:408) ~[patched_1.8.8.jar:git-PaperSpigot-445]
	at net.minecraft.server.v1_8_R3.MinecraftServer.k(MinecraftServer.java:372) ~[patched_1.8.8.jar:git-PaperSpigot-445]
	at net.minecraft.server.v1_8_R3.MinecraftServer.a(MinecraftServer.java:327) ~[patched_1.8.8.jar:git-PaperSpigot-445]
	at net.minecraft.server.v1_8_R3.DedicatedServer.init(DedicatedServer.java:267) ~[patched_1.8.8.jar:git-PaperSpigot-445]
	at net.minecraft.server.v1_8_R3.MinecraftServer.run(MinecraftServer.java:563) ~[patched_1.8.8.jar:git-PaperSpigot-445]
	at java.lang.Thread.run(Thread.java:1583) [?:?]
[22:07:55] [Server thread/INFO]: [LoginSecurity] Enabling LoginSecurity v3.2.0
[22:07:55] [Server thread/INFO]: [LoginSecurity] Loading base translations from "en_us"
[22:07:55] [Server thread/INFO]: [LoginSecurity] Loading specified translations from "en_us"
[22:07:55] [Server thread/INFO]: [LoginSecurity] Registering commands...
[22:07:55] [Server thread/INFO]: [LoginSecurity] Registering listeners...
[22:07:55] [Server thread/INFO]: Server permissions file permissions.yml is empty, ignoring it
[22:07:55] [Server thread/INFO]: Done (6.356s)! For help, type "help" or "?"
[22:07:55] [Server thread/INFO]: Timings Reset
[22:07:55] [Craft Scheduler Thread - 2/ERROR]: [TradeSystem] Database could not be started: [SQLITE_ERROR] SQL error or missing database (near "ON": syntax error)
[22:07:57] [Craft Scheduler Thread - 0/INFO]: [0;31;1m[21m[SimpleTpa] There is a new update available.[m

[22:07:57] [Craft Scheduler Thread - 0/INFO]: [0;31;1m[SimpleTpa] There is a new update available:[m

[22:07:57] [Craft Scheduler Thread - 0/INFO]: [0;31;1m[SimpleTpa] https://www.spigotmc.org/resources/simple-tpa.64270/[m

[22:09:22] [Thread-8/INFO]: UUID of player TrainBoy888 is f8dfa6c0-c755-30c9-b8b5-d26f082c1f32
[22:09:22] [Server thread/INFO]: TrainBoy888[/[0:0:0:0:0:0:0:1]:36906] logged in with entity id 388 at ([world]-521.2279669498289, 75.0, -103.46862870314335)
[22:09:23] [Thread-9/INFO]: UUID of player JacobLiterator is 95422328-e102-31d2-a99a-456217affd55
[22:09:23] [Server thread/INFO]: JacobLiterator[/[0:0:0:0:0:0:0:1]:36918] logged in with entity id 418 at ([world_nether]-86.66588981926184, 73.0, -12.718050588896402)
[22:10:30] [Async Chat Thread - #0/INFO]: <TrainBoy888> will it shut down now?[m

[22:10:34] [Async Chat Thread - #0/INFO]: <JacobLiterator> yes[m

[22:10:39] [Async Chat Thread - #0/INFO]: <TrainBoy888> in 4 hours[m

[22:10:43] [Async Chat Thread - #0/INFO]: <JacobLiterator> ima try and run it on my pc[m

[22:10:54] [Async Chat Thread - #0/INFO]: <JacobLiterator> soon[m

[22:10:56] [Async Chat Thread - #0/INFO]: <TrainBoy888> like localy?[m

[22:11:08] [Async Chat Thread - #0/INFO]: <JacobLiterator> like so it can run 24/7[m

[22:11:27] [Async Chat Thread - #0/INFO]: <JacobLiterator> on visual code[m

[22:11:34] [Async Chat Thread - #0/INFO]: <JacobLiterator> .exe[m

[22:11:39] [Async Chat Thread - #0/INFO]: <TrainBoy888> ok[m

[22:14:38] [Async Chat Thread - #1/INFO]: <TrainBoy888> brb[m

[22:14:39] [Server thread/INFO]: TrainBoy888 lost connection: Disconnected
[22:14:39] [Server thread/INFO]: TrainBoy888 left the game.
[22:15:01] [Thread-11/INFO]: UUID of player TrainBoy888 is f8dfa6c0-c755-30c9-b8b5-d26f082c1f32
[22:15:01] [Server thread/INFO]: TrainBoy888[/[0:0:0:0:0:0:0:1]:56884] logged in with entity id 1171 at ([world]-505.8361742110519, 73.0, -66.57547383218711)
[22:18:29] [Async Chat Thread - #2/INFO]: <JacobLiterator> ima shut down the srver to do the thing[m

[22:18:38] [Async Chat Thread - #2/INFO]: <TrainBoy888> k[m

[22:18:59] [Server thread/INFO]: TrainBoy888 lost connection: Disconnected
[22:18:59] [Server thread/INFO]: TrainBoy888 left the game.
[22:19:01] [Thread-2/INFO]: Stopping server
